<?xml version="1.0" encoding="UTF-8"?>
<!-- Generated by org.testng.reporters.JUnitXMLReporter -->
<testsuite ignored="0" hostname="sanil-Inspiron-5575" failures="1" tests="5" name="Test2" time="71.518" errors="0" timestamp="2023-01-11T18:37:33 EST">
  <testcase classname="com.naveenautomation.tests.MyAccountInformationTest" name="VerifyUsersAreAbleToLoginSuccessFully" time="4.515">
    <failure type="java.lang.AssertionError" message="FirstName doesnot match expected [Tony1] but found [Tony]">
      <![CDATA[java.lang.AssertionError: FirstName doesnot match expected [Tony1] but found [Tony]
at com.naveenautomation.tests.MyAccountInformationTest.VerifyUsersAreAbleToLoginSuccessFully(MyAccountInformationTest.java:31)
at java.base/java.util.concurrent.ThreadPoolExecutor.runWorker(ThreadPoolExecutor.java:1136)
at java.base/java.util.concurrent.ThreadPoolExecutor$Worker.run(ThreadPoolExecutor.java:635)
at java.base/java.lang.Thread.run(Thread.java:833)
... Removed 17 stack frames]]>
    </failure>
  </testcase> <!-- VerifyUsersAreAbleToLoginSuccessFully -->
  <testcase classname="com.naveenautomation.tests.MyAccountInformationTest" name="VerifyUsersAreAbleToLoginSuccessFully" time="2.16"/>
  <testcase classname="com.naveenautomation.tests.MyAccountInformationTest" name="VerifyUsersAreAbleToLoginSuccessFully" time="6.87"/>
  <testcase classname="com.naveenautomation.tests.MyAccountInformationTest" name="VerifyUsersAreAbleToLoginSuccessFully" time="5.292"/>
  <testcase classname="com.naveenautomation.tests.MyAccountInformationTest" name="VerifyUsersAreAbleToLoginSuccessFully" time="5.36"/>
</testsuite> <!-- Test2 -->
